
> oh-platform@0.1.0 dev /home/ohdev/projects/oh-platform
> rm -rf apps/web/.next apps/web/.clerk && pnpm --filter @oh/web dev


> @oh/web@0.1.0 dev /home/ohdev/projects/oh-platform/apps/web
> next dev -p 3000

▲ Next.js 16.1.0 (Turbopack)
- Local:         http://localhost:3000
- Network:       http://162.243.3.7:3000
- Environments: .env.local

✓ Starting...
⚠ The "middleware" file convention is deprecated. Please use "proxy" instead. Learn more: https://nextjs.org/docs/messages/middleware-to-proxy
✓ Ready in 1864ms
○ Compiling /[locale] ...
 GET /en 200 in 6.6s (compile: 5.9s, proxy.ts: 21ms, generate-params: 775ms, render: 637ms)
⚠ Cross origin request detected from devwebapp.ohbeef.com to /_next/* resource. In a future major version of Next.js, you will need to explicitly configure "allowedDevOrigins" in next.config to allow this.
Read more: https://nextjs.org/docs/app/api-reference/config/next-config-js/allowedDevOrigins
 POST /en 200 in 176ms (compile: 87ms, proxy.ts: 30ms, generate-params: 47ms, render: 59ms)
 GET /en/order 200 in 2.8s (compile: 1996ms, proxy.ts: 19ms, generate-params: 799ms, render: 763ms)
 GET /en/order 200 in 826ms (compile: 89ms, proxy.ts: 31ms, generate-params: 51ms, render: 706ms)
 POST /en/order 200 in 101ms (compile: 61ms, proxy.ts: 22ms, generate-params: 44ms, render: 18ms)
 GET /en/order/location/cmip6jbza00042nnnf4nc0dvh 200 in 2.8s (compile: 2.3s, proxy.ts: 36ms, render: 472ms)
 HEAD /_next 404 in 227ms (compile: 71ms, generate-params: 63ms, render: 156ms)
 GET /en/order/payment?orderId=cmjro9dcr000xqgbmn4vqa4c1&orderNumber=ORD-1767043809088-HZT5HK&total=2745 200 in 2.6s (compile: 2.0s, proxy.ts: 23ms, generate-params: 843ms, render: 570ms)
 GET /en/order/confirmation?orderId=cmjro9dcr000xqgbmn4vqa4c1&orderNumber=ORD-1767043809088-HZT5HK&total=2722&paid=true 200 in 2.2s (compile: 2.1s, proxy.ts: 21ms, generate-params: 1199ms, render: 53ms)
 GET /en/order/status?orderQrCode=ORDER-f4nc0dvh-1767043809088-Y11Q89 200 in 2.3s (compile: 2.2s, proxy.ts: 22ms, generate-params: 980ms, render: 55ms)
 GET /en/order/scan?orderQrCode=ORDER-f4nc0dvh-1767043809088-Y11Q89 200 in 2.4s (compile: 2.3s, proxy.ts: 29ms, generate-params: 1057ms, render: 46ms)
 GET /en/order/status?orderQrCode=ORDER-f4nc0dvh-1767043809088-Y11Q89 200 in 162ms (compile: 98ms, proxy.ts: 20ms, generate-params: 89ms, render: 43ms)
 GET /en 200 in 245ms (compile: 66ms, proxy.ts: 21ms, generate-params: 58ms, render: 158ms)
 POST /en 200 in 123ms (compile: 85ms, proxy.ts: 24ms, generate-params: 74ms, render: 14ms)
 GET /en 200 in 176ms (compile: 8ms, proxy.ts: 17ms, generate-params: 66µs, render: 151ms)
 POST /en 200 in 135ms (compile: 93ms, proxy.ts: 17ms, generate-params: 81ms, render: 25ms)
 GET /en 200 in 238ms (compile: 74ms, proxy.ts: 20ms, generate-params: 67ms, render: 144ms)
 POST /en 200 in 117ms (compile: 73ms, proxy.ts: 27ms, generate-params: 60ms, render: 16ms)
 GET /en 200 in 294ms (compile: 88ms, proxy.ts: 19ms, generate-params: 77ms, render: 187ms)
 GET /en 200 in 267ms (compile: 81ms, proxy.ts: 17ms, generate-params: 73ms, render: 169ms)
 GET /en 200 in 248ms (compile: 76ms, proxy.ts: 17ms, generate-params: 64ms, render: 155ms)
 GET /en 200 in 226ms (compile: 67ms, proxy.ts: 15ms, generate-params: 59ms, render: 144ms)
 GET /en 200 in 244ms (compile: 66ms, proxy.ts: 17ms, generate-params: 59ms, render: 161ms)
 GET /en 200 in 402ms (compile: 90ms, proxy.ts: 14ms, generate-params: 70ms, render: 297ms)
 GET /en 200 in 399ms (compile: 154ms, proxy.ts: 16ms, generate-params: 69µs, render: 229ms)
 GET /en 200 in 649ms (compile: 114ms, proxy.ts: 21ms, generate-params: 70ms, render: 514ms)
 GET /en 200 in 643ms (compile: 203ms, proxy.ts: 33ms, generate-params: 38µs, render: 407ms)
 GET /en 200 in 650ms (compile: 137ms, proxy.ts: 26ms, generate-params: 39µs, render: 486ms)
 GET /en 200 in 624ms (compile: 359ms, proxy.ts: 29ms, generate-params: 38µs, render: 237ms)
 GET /en/order 200 in 1740ms (compile: 162ms, proxy.ts: 83ms, generate-params: 41µs, render: 1494ms)
 GET /en/order 200 in 2.1s (compile: 145ms, proxy.ts: 16ms, generate-params: 70ms, render: 1892ms)
○ Compiling /[locale]/menu ...
⨯ SyntaxError: Unexpected non-whitespace character after JSON at position 2409
    at JSON.parse (<anonymous>) {
  page: '/en/accessibility'
}
⨯ SyntaxError: Unexpected non-whitespace character after JSON at position 2409
    at JSON.parse (<anonymous>) {
  page: '/en/accessibility'
}
⨯ SyntaxError: Unexpected non-whitespace character after JSON at position 2409
    at JSON.parse (<anonymous>) {
  page: '/en/privacy'
}
⨯ SyntaxError: Unexpected non-whitespace character after JSON at position 2409
    at JSON.parse (<anonymous>) {
  page: '/en/privacy'
}
⨯ SyntaxError: Unexpected non-whitespace character after JSON at position 2409
    at JSON.parse (<anonymous>) {
  page: '/en/careers'
}
⨯ SyntaxError: Unexpected non-whitespace character after JSON at position 2409
    at JSON.parse (<anonymous>) {
  page: '/en/careers'
}
⨯ Failed to generate static paths for /[locale]:
SyntaxError: Unexpected non-whitespace character after JSON at position 2409
    at JSON.parse (<anonymous>)
⨯ Failed to generate static paths for /[locale]:
SyntaxError: Unexpected non-whitespace character after JSON at position 2409
    at JSON.parse (<anonymous>)
⨯ SyntaxError: Unexpected non-whitespace character after JSON at position 2409
    at JSON.parse (<anonymous>) {
  page: '/en/menu'
}
⨯ SyntaxError: Unexpected non-whitespace character after JSON at position 2409
    at JSON.parse (<anonymous>) {
  page: '/en/menu'
}
⨯ SyntaxError: Unexpected non-whitespace character after JSON at position 2409
    at JSON.parse (<anonymous>) {
  page: '/en/press'
}
⨯ SyntaxError: Unexpected non-whitespace character after JSON at position 2409
    at JSON.parse (<anonymous>) {
  page: '/en/press'
}
⨯ SyntaxError: Unexpected non-whitespace character after JSON at position 2409
    at JSON.parse (<anonymous>) {
  page: '/en/contact'
}
⨯ SyntaxError: Unexpected non-whitespace character after JSON at position 2409
    at JSON.parse (<anonymous>) {
  page: '/en/contact'
}
 GET /en/https%3A/www.googletagmanager.com/gtag/js%3Fid%3DG-M6Y4Q9KDRY 404 in 6.5s (compile: 1068ms, proxy.ts: 178ms, render: 5.3s)
 GET /en/en%5C 404 in 7.7s (compile: 2.6s, proxy.ts: 105ms, render: 5.0s)
 GET /en/https%3A/fonts.googleapis.com/css2%3Ffamily%3DBebas%2BNeue%26family%3DLXGW%2BWenKai%2BTC%3Awght%40300%3B400%3B700%26family%3DMa%2BShan%2BZheng%26family%3DRaleway%3Awght%40300%3B400%3B500%3B600%3B700%26family%3DNoto%2BSerif%2BTC%3Awght%40400%3B500%3B600%3B700%26display%3Dswap 404 in 6.6s (compile: 1307ms, proxy.ts: 109ms, render: 5.2s)
 GET /en/https%3A/www.oneredstepatatime.org 404 in 7.8s (compile: 2.7s, proxy.ts: 121ms, render: 5.0s)
 GET /en/https%3A/www.oneredstepatatime.org 404 in 7.9s (compile: 2.8s, proxy.ts: 183ms, render: 4.9s)
 GET /en/en%5C 404 in 7.9s (compile: 2.9s, proxy.ts: 177ms, render: 4.9s)
 GET /en/https%3A/www.googletagmanager.com/gtag/js%3Fid%3DG-M6Y4Q9KDRY 404 in 6.6s (compile: 1191ms, proxy.ts: 148ms, render: 5.2s)
 GET /en/https%3A/fonts.googleapis.com/css2%3Ffamily%3DBebas%2BNeue%26family%3DLXGW%2BWenKai%2BTC%3Awght%40300%3B400%3B700%26family%3DMa%2BShan%2BZheng%26family%3DRaleway%3Awght%40300%3B400%3B500%3B600%3B700%26family%3DNoto%2BSerif%2BTC%3Awght%40400%3B500%3B600%3B700%26display%3Dswap 404 in 7.2s (compile: 2.0s, proxy.ts: 37ms, render: 5.1s)
 GET /en 200 in 6.2s (compile: 257ms, proxy.ts: 86ms, generate-params: 72µs, render: 5.8s)
 GET /en 200 in 6.2s (compile: 164ms, proxy.ts: 91ms, generate-params: 143ms, render: 5.9s)
○ Compiling /_error ...
⨯ SyntaxError: Unexpected non-whitespace character after JSON at position 2409
    at JSON.parse (<anonymous>)
⨯ SyntaxError: Unexpected non-whitespace character after JSON at position 2409
    at JSON.parse (<anonymous>)
⨯ SyntaxError: Unexpected non-whitespace character after JSON at position 2409
    at JSON.parse (<anonymous>)
⨯ SyntaxError: Unexpected non-whitespace character after JSON at position 2409
    at JSON.parse (<anonymous>)
⨯ SyntaxError: Unexpected non-whitespace character after JSON at position 2409
    at JSON.parse (<anonymous>)
⨯ SyntaxError: Unexpected non-whitespace character after JSON at position 2409
    at JSON.parse (<anonymous>)
⨯ SyntaxError: Unexpected non-whitespace character after JSON at position 2409
    at JSON.parse (<anonymous>)
⨯ SyntaxError: Unexpected non-whitespace character after JSON at position 2409
    at JSON.parse (<anonymous>)
⨯ SyntaxError: Unexpected non-whitespace character after JSON at position 2409
    at JSON.parse (<anonymous>)
⨯ SyntaxError: Unexpected non-whitespace character after JSON at position 2409
    at JSON.parse (<anonymous>)
⨯ SyntaxError: Unexpected non-whitespace character after JSON at position 2409
    at JSON.parse (<anonymous>)
⨯ SyntaxError: Unexpected non-whitespace character after JSON at position 2409
    at JSON.parse (<anonymous>)
SyntaxError: Unexpected non-whitespace character after JSON at position 2409
    at JSON.parse (<anonymous>) {
  page: '/en/menu'
}
SyntaxError: Unexpected non-whitespace character after JSON at position 2409
    at JSON.parse (<anonymous>) {
  page: '/en/press'
}
SyntaxError: Unexpected non-whitespace character after JSON at position 2409
    at JSON.parse (<anonymous>) {
  page: '/en/press'
}
SyntaxError: Unexpected non-whitespace character after JSON at position 2409
    at JSON.parse (<anonymous>) {
  page: '/en/contact'
}
SyntaxError: Unexpected non-whitespace character after JSON at position 2409
    at JSON.parse (<anonymous>) {
  page: '/en/contact'
}
SyntaxError: Unexpected non-whitespace character after JSON at position 2409
    at JSON.parse (<anonymous>) {
  page: '/en/accessibility'
}
SyntaxError: Unexpected non-whitespace character after JSON at position 2409
    at JSON.parse (<anonymous>) {
  page: '/en/accessibility'
}
SyntaxError: Unexpected non-whitespace character after JSON at position 2409
    at JSON.parse (<anonymous>) {
  page: '/en/privacy'
}
SyntaxError: Unexpected non-whitespace character after JSON at position 2409
    at JSON.parse (<anonymous>) {
  page: '/en/privacy'
}
SyntaxError: Unexpected non-whitespace character after JSON at position 2409
    at JSON.parse (<anonymous>) {
  page: '/en/careers'
}
SyntaxError: Unexpected non-whitespace character after JSON at position 2409
    at JSON.parse (<anonymous>) {
  page: '/en/careers'
}
SyntaxError: Unexpected non-whitespace character after JSON at position 2409
    at JSON.parse (<anonymous>) {
  page: '/en/menu'
}
⨯ SyntaxError: Unexpected non-whitespace character after JSON at position 2409
    at JSON.parse (<anonymous>)
⨯ SyntaxError: Unexpected non-whitespace character after JSON at position 2409
    at JSON.parse (<anonymous>)
⨯ SyntaxError: Unexpected non-whitespace character after JSON at position 2409
    at JSON.parse (<anonymous>)
⨯ SyntaxError: Unexpected non-whitespace character after JSON at position 2409
    at JSON.parse (<anonymous>)
⨯ SyntaxError: Unexpected non-whitespace character after JSON at position 2409
    at JSON.parse (<anonymous>)
⨯ SyntaxError: Unexpected non-whitespace character after JSON at position 2409
    at JSON.parse (<anonymous>)
⨯ SyntaxError: Unexpected non-whitespace character after JSON at position 2409
    at JSON.parse (<anonymous>)
⨯ SyntaxError: Unexpected non-whitespace character after JSON at position 2409
    at JSON.parse (<anonymous>)
⨯ SyntaxError: Unexpected non-whitespace character after JSON at position 2409
    at JSON.parse (<anonymous>)
⨯ SyntaxError: Unexpected non-whitespace character after JSON at position 2409
    at JSON.parse (<anonymous>)
⨯ SyntaxError: Unexpected non-whitespace character after JSON at position 2409
    at JSON.parse (<anonymous>)
⨯ SyntaxError: Unexpected non-whitespace character after JSON at position 2409
    at JSON.parse (<anonymous>)
 GET /en/privacy 500 in 14.6s (compile: 14.1s, proxy.ts: 68ms, generate-params: 4.3s, render: 402ms)
 GET /en/privacy 500 in 14.6s (compile: 14.1s, proxy.ts: 68ms, generate-params: 4.3s, render: 402ms)
 GET /en/menu 500 in 14.6s (compile: 14.4s, proxy.ts: 81ms, render: 104ms)
 GET /en/menu 500 in 14.6s (compile: 14.4s, proxy.ts: 81ms, render: 104ms)
 GET /en/contact 500 in 14.7s (compile: 13.9s, proxy.ts: 92ms, render: 713ms)
 GET /en/contact 500 in 14.7s (compile: 13.9s, proxy.ts: 92ms, render: 713ms)
 GET /en/privacy 500 in 14.7s (compile: 14.3s, proxy.ts: 88ms, generate-params: 4.7s, render: 321ms)
 GET /en/privacy 500 in 14.7s (compile: 14.3s, proxy.ts: 88ms, generate-params: 4.7s, render: 321ms)
 GET /en/press 500 in 14.7s (compile: 13.9s, proxy.ts: 71ms, render: 785ms)
 GET /en/press 500 in 14.7s (compile: 13.9s, proxy.ts: 71ms, render: 786ms)
 GET /en/contact 500 in 14.8s (compile: 14.1s, proxy.ts: 105ms, render: 632ms)
 GET /en/contact 500 in 14.8s (compile: 14.1s, proxy.ts: 105ms, render: 632ms)
 GET /en/press 500 in 14.7s (compile: 13.7s, proxy.ts: 99ms, render: 859ms)
 GET /en/press 500 in 14.7s (compile: 13.7s, proxy.ts: 99ms, render: 860ms)
 GET /en/accessibility 500 in 14.9s (compile: 14.2s, proxy.ts: 104ms, generate-params: 3.0s, render: 557ms)
 GET /en/accessibility 500 in 14.9s (compile: 14.2s, proxy.ts: 104ms, generate-params: 3.0s, render: 557ms)
 GET /en/careers 500 in 14.8s (compile: 14.5s, proxy.ts: 81ms, generate-params: 5.5s, render: 249ms)
 GET /en/careers 500 in 14.8s (compile: 14.5s, proxy.ts: 81ms, generate-params: 5.5s, render: 249ms)
 GET /en/accessibility 500 in 15.0s (compile: 14.3s, proxy.ts: 213ms, generate-params: 3.8s, render: 479ms)
 GET /en/accessibility 500 in 15.0s (compile: 14.3s, proxy.ts: 213ms, generate-params: 3.8s, render: 479ms)
 GET /en/careers 500 in 15.0s (compile: 14.7s, proxy.ts: 210ms, generate-params: 5.8s, render: 178ms)
 GET /en/careers 500 in 15.0s (compile: 14.7s, proxy.ts: 210ms, generate-params: 5.8s, render: 178ms)
 GET /en/menu 500 in 15.0s (compile: 14.0s, proxy.ts: 56ms, render: 942ms)
 GET /en/menu 500 in 15.0s (compile: 14.0s, proxy.ts: 56ms, render: 942ms)
SyntaxError: Unexpected non-whitespace character after JSON at position 2409
    at JSON.parse (<anonymous>)
SyntaxError: Unexpected non-whitespace character after JSON at position 2409
    at JSON.parse (<anonymous>)
SyntaxError: Unexpected non-whitespace character after JSON at position 2409
    at JSON.parse (<anonymous>)
SyntaxError: Unexpected non-whitespace character after JSON at position 2409
    at JSON.parse (<anonymous>)
SyntaxError: Unexpected non-whitespace character after JSON at position 2409
    at JSON.parse (<anonymous>)
SyntaxError: Unexpected non-whitespace character after JSON at position 2409
    at JSON.parse (<anonymous>)
SyntaxError: Unexpected non-whitespace character after JSON at position 2409
    at JSON.parse (<anonymous>)
SyntaxError: Unexpected non-whitespace character after JSON at position 2409
    at JSON.parse (<anonymous>)
SyntaxError: Unexpected non-whitespace character after JSON at position 2409
    at JSON.parse (<anonymous>)
SyntaxError: Unexpected non-whitespace character after JSON at position 2409
    at JSON.parse (<anonymous>)
SyntaxError: Unexpected non-whitespace character after JSON at position 2409
    at JSON.parse (<anonymous>)
SyntaxError: Unexpected non-whitespace character after JSON at position 2409
    at JSON.parse (<anonymous>)
⨯ SyntaxError: Unexpected non-whitespace character after JSON at position 2409
    at JSON.parse (<anonymous>) {
  page: '/en/careers'
}
⨯ SyntaxError: Unexpected non-whitespace character after JSON at position 2409
    at JSON.parse (<anonymous>)
SyntaxError: Unexpected non-whitespace character after JSON at position 2409
    at JSON.parse (<anonymous>) {
  page: '/en/careers'
}
⨯ SyntaxError: Unexpected non-whitespace character after JSON at position 2409
    at JSON.parse (<anonymous>)
⨯ SyntaxError: Unexpected non-whitespace character after JSON at position 2409
    at JSON.parse (<anonymous>) {
  page: '/en/menu'
}
⨯ Failed to generate static paths for /[locale]/careers:
SyntaxError: Unexpected non-whitespace character after JSON at position 2409
    at JSON.parse (<anonymous>)
⨯ SyntaxError: Unexpected non-whitespace character after JSON at position 2409
    at JSON.parse (<anonymous>) {
  page: '/en/order'
}
SyntaxError: Unexpected non-whitespace character after JSON at position 2409
    at JSON.parse (<anonymous>)
 GET /en/careers 500 in 3.2s (compile: 2.2s, proxy.ts: 972ms, generate-params: 84ms, render: 27ms)
 GET /en/careers 500 in 3.2s (compile: 2.2s, proxy.ts: 972ms, generate-params: 84ms, render: 28ms)
⨯ SyntaxError: Unexpected non-whitespace character after JSON at position 2409
    at JSON.parse (<anonymous>)
⨯ SyntaxError: Unexpected non-whitespace character after JSON at position 2409
    at JSON.parse (<anonymous>)
⨯ SyntaxError: Unexpected non-whitespace character after JSON at position 2409
    at JSON.parse (<anonymous>) {
  page: '/en/accessibility'
}
SyntaxError: Unexpected non-whitespace character after JSON at position 2409
    at JSON.parse (<anonymous>) {
  page: '/en/menu'
}
SyntaxError: Unexpected non-whitespace character after JSON at position 2409
    at JSON.parse (<anonymous>) {
  page: '/en/order'
}
⨯ SyntaxError: Unexpected non-whitespace character after JSON at position 2409
    at JSON.parse (<anonymous>) {
  page: '/en/privacy'
}
⨯ SyntaxError: Unexpected non-whitespace character after JSON at position 2409
    at JSON.parse (<anonymous>)
⨯ SyntaxError: Unexpected non-whitespace character after JSON at position 2409
    at JSON.parse (<anonymous>)
⨯ SyntaxError: Unexpected non-whitespace character after JSON at position 2409
    at JSON.parse (<anonymous>)
⨯ Failed to generate static paths for /[locale]/order:
SyntaxError: Unexpected non-whitespace character after JSON at position 2409
    at JSON.parse (<anonymous>)
⨯ Failed to generate static paths for /[locale]/accessibility:
SyntaxError: Unexpected non-whitespace character after JSON at position 2409
    at JSON.parse (<anonymous>)
⨯ SyntaxError: Unexpected non-whitespace character after JSON at position 2409
    at JSON.parse (<anonymous>)
SyntaxError: Unexpected non-whitespace character after JSON at position 2409
    at JSON.parse (<anonymous>) {
  page: '/en/accessibility'
}
SyntaxError: Unexpected non-whitespace character after JSON at position 2409
    at JSON.parse (<anonymous>)
 GET /en/menu 500 in 8.5s (compile: 5.7s, proxy.ts: 2.8s, render: 28ms)
 GET /en/menu 500 in 8.5s (compile: 5.7s, proxy.ts: 2.8s, render: 28ms)
SyntaxError: Unexpected non-whitespace character after JSON at position 2409
    at JSON.parse (<anonymous>)
 GET /en/order 500 in 4.4s (compile: 3.8s, proxy.ts: 549ms, generate-params: 62ms, render: 36ms)
 GET /en/order 500 in 4.4s (compile: 3.8s, proxy.ts: 549ms, generate-params: 62ms, render: 36ms)
SyntaxError: Unexpected non-whitespace character after JSON at position 2409
    at JSON.parse (<anonymous>) {
  page: '/en/privacy'
}
⨯ SyntaxError: Unexpected non-whitespace character after JSON at position 2409
    at JSON.parse (<anonymous>)
⨯ Failed to generate static paths for /[locale]/privacy:
SyntaxError: Unexpected non-whitespace character after JSON at position 2409
    at JSON.parse (<anonymous>)
⨯ SyntaxError: Unexpected non-whitespace character after JSON at position 2409
    at JSON.parse (<anonymous>)
SyntaxError: Unexpected non-whitespace character after JSON at position 2409
    at JSON.parse (<anonymous>)
 GET /en/accessibility 500 in 4.5s (compile: 4.0s, proxy.ts: 519ms, generate-params: 66ms, render: 28ms)
 GET /en/accessibility 500 in 4.5s (compile: 4.0s, proxy.ts: 519ms, generate-params: 66ms, render: 28ms)
⨯ SyntaxError: Unexpected non-whitespace character after JSON at position 2409
    at JSON.parse (<anonymous>) {
  page: '/en/contact'
}
SyntaxError: Unexpected non-whitespace character after JSON at position 2409
    at JSON.parse (<anonymous>)
 GET /en/privacy 500 in 4.2s (compile: 3.5s, proxy.ts: 646ms, generate-params: 61ms, render: 43ms)
 GET /en/privacy 500 in 4.2s (compile: 3.5s, proxy.ts: 646ms, generate-params: 61ms, render: 43ms)
⨯ SyntaxError: Unexpected non-whitespace character after JSON at position 2409
    at JSON.parse (<anonymous>)
SyntaxError: Unexpected non-whitespace character after JSON at position 2409
    at JSON.parse (<anonymous>) {
  page: '/en/contact'
}
⨯ SyntaxError: Unexpected non-whitespace character after JSON at position 2409
    at JSON.parse (<anonymous>)
SyntaxError: Unexpected non-whitespace character after JSON at position 2409
    at JSON.parse (<anonymous>)
 GET /en/contact 500 in 4.6s (compile: 4.3s, proxy.ts: 270ms, render: 93ms)
 GET /en/contact 500 in 4.6s (compile: 4.3s, proxy.ts: 270ms, render: 93ms)
⨯ SyntaxError: Unexpected non-whitespace character after JSON at position 2409
    at JSON.parse (<anonymous>) {
  page: '/en/contact'
}
⨯ SyntaxError: Unexpected non-whitespace character after JSON at position 2409
    at JSON.parse (<anonymous>)
SyntaxError: Unexpected non-whitespace character after JSON at position 2409
    at JSON.parse (<anonymous>) {
  page: '/en/contact'
}
⨯ SyntaxError: Unexpected non-whitespace character after JSON at position 2409
    at JSON.parse (<anonymous>) {
  page: '/en/menu'
}
⨯ SyntaxError: Unexpected non-whitespace character after JSON at position 2409
    at JSON.parse (<anonymous>) {
  page: '/en/order'
}
⨯ SyntaxError: Unexpected non-whitespace character after JSON at position 2409
    at JSON.parse (<anonymous>)
⨯ SyntaxError: Unexpected non-whitespace character after JSON at position 2409
    at JSON.parse (<anonymous>)
⨯ SyntaxError: Unexpected non-whitespace character after JSON at position 2409
    at JSON.parse (<anonymous>)
SyntaxError: Unexpected non-whitespace character after JSON at position 2409
    at JSON.parse (<anonymous>)
 GET /en/contact 500 in 3.5s (compile: 2.8s, proxy.ts: 656ms, render: 53ms)
 GET /en/contact 500 in 3.5s (compile: 2.8s, proxy.ts: 656ms, render: 53ms)
⨯ SyntaxError: Unexpected non-whitespace character after JSON at position 2409
    at JSON.parse (<anonymous>) {
  page: '/en/press'
}
⨯ SyntaxError: Unexpected non-whitespace character after JSON at position 2409
    at JSON.parse (<anonymous>) {
  page: '/en/press'
}
SyntaxError: Unexpected non-whitespace character after JSON at position 2409
    at JSON.parse (<anonymous>) {
  page: '/en/menu'
}
SyntaxError: Unexpected non-whitespace character after JSON at position 2409
    at JSON.parse (<anonymous>) {
  page: '/en/order'
}
⨯ SyntaxError: Unexpected non-whitespace character after JSON at position 2409
    at JSON.parse (<anonymous>) {
  page: '/en/careers'
}
⨯ SyntaxError: Unexpected non-whitespace character after JSON at position 2409
    at JSON.parse (<anonymous>)
⨯ SyntaxError: Unexpected non-whitespace character after JSON at position 2409
    at JSON.parse (<anonymous>)
⨯ SyntaxError: Unexpected non-whitespace character after JSON at position 2409
    at JSON.parse (<anonymous>)
⨯ SyntaxError: Unexpected non-whitespace character after JSON at position 2409
    at JSON.parse (<anonymous>) {
  page: '/en/accessibility'
}
⨯ SyntaxError: Unexpected non-whitespace character after JSON at position 2409
    at JSON.parse (<anonymous>)
⨯ SyntaxError: Unexpected non-whitespace character after JSON at position 2409
    at JSON.parse (<anonymous>) {
  page: '/en/privacy'
}
⨯ SyntaxError: Unexpected non-whitespace character after JSON at position 2409
    at JSON.parse (<anonymous>)
⨯ SyntaxError: Unexpected non-whitespace character after JSON at position 2409
    at JSON.parse (<anonymous>)
SyntaxError: Unexpected non-whitespace character after JSON at position 2409
    at JSON.parse (<anonymous>) {
  page: '/en/press'
}
SyntaxError: Unexpected non-whitespace character after JSON at position 2409
    at JSON.parse (<anonymous>) {
  page: '/en/press'
}
SyntaxError: Unexpected non-whitespace character after JSON at position 2409
    at JSON.parse (<anonymous>)
 GET /en/menu 500 in 4.4s (compile: 4.2s, proxy.ts: 231ms, render: 31ms)
 GET /en/menu 500 in 4.4s (compile: 4.2s, proxy.ts: 231ms, render: 31ms)
⨯ SyntaxError: Unexpected non-whitespace character after JSON at position 2409
    at JSON.parse (<anonymous>)
⨯ SyntaxError: Unexpected non-whitespace character after JSON at position 2409
    at JSON.parse (<anonymous>)
⨯ SyntaxError: Unexpected non-whitespace character after JSON at position 2409
    at JSON.parse (<anonymous>)
SyntaxError: Unexpected non-whitespace character after JSON at position 2409
    at JSON.parse (<anonymous>)
 GET /en/order 500 in 5.3s (compile: 5.0s, proxy.ts: 231ms, render: 26ms)
 GET /en/order 500 in 5.3s (compile: 5.0s, proxy.ts: 231ms, render: 27ms)
⨯ SyntaxError: Unexpected non-whitespace character after JSON at position 2409
    at JSON.parse (<anonymous>)
SyntaxError: Unexpected non-whitespace character after JSON at position 2409
    at JSON.parse (<anonymous>) {
  page: '/en/careers'
}
 GET /en/privacy 500 in 4.5s (compile: 3.9s, proxy.ts: 454ms, render: 125ms)
 GET /en/press 500 in 5.0s (compile: 3.8s, proxy.ts: 184ms, render: 1084ms)
 GET /en/press 500 in 5.0s (compile: 3.8s, proxy.ts: 184ms, render: 1084ms)
 GET /en/accessibility 500 in 5.2s (compile: 4.6s, proxy.ts: 256ms, render: 267ms)
 GET /en/careers 500 in 5.2s (compile: 5.0s, proxy.ts: 211ms, render: 43ms)
 GET /en/careers 500 in 5.2s (compile: 5.0s, proxy.ts: 211ms, render: 43ms)
 GET /en/press 500 in 5.3s (compile: 4.0s, proxy.ts: 125ms, render: 1124ms)
 GET /en/press 500 in 5.3s (compile: 4.0s, proxy.ts: 125ms, render: 1124ms)
⨯ SyntaxError: Unexpected non-whitespace character after JSON at position 2409
    at JSON.parse (<anonymous>)
SyntaxError: Unexpected non-whitespace character after JSON at position 2409
    at JSON.parse (<anonymous>)
⨯ SyntaxError: Unexpected non-whitespace character after JSON at position 2409
    at JSON.parse (<anonymous>)
⨯ SyntaxError: Unexpected non-whitespace character after JSON at position 2409
    at JSON.parse (<anonymous>)
SyntaxError: Unexpected non-whitespace character after JSON at position 2409
    at JSON.parse (<anonymous>)
SyntaxError: Unexpected non-whitespace character after JSON at position 2409
    at JSON.parse (<anonymous>)
SyntaxError: Unexpected non-whitespace character after JSON at position 2409
    at JSON.parse (<anonymous>) {
  page: '/en/accessibility'
}
SyntaxError: Unexpected non-whitespace character after JSON at position 2409
    at JSON.parse (<anonymous>) {
  page: '/en/privacy'
}
⨯ SyntaxError: Unexpected non-whitespace character after JSON at position 2409
    at JSON.parse (<anonymous>)
⨯ SyntaxError: Unexpected non-whitespace character after JSON at position 2409
    at JSON.parse (<anonymous>)
SyntaxError: Unexpected non-whitespace character after JSON at position 2409
    at JSON.parse (<anonymous>)
⨯ SyntaxError: Unexpected non-whitespace character after JSON at position 2409
    at JSON.parse (<anonymous>)
SyntaxError: Unexpected non-whitespace character after JSON at position 2409
    at JSON.parse (<anonymous>)
SyntaxError: Unexpected non-whitespace character after JSON at position 2409
    at JSON.parse (<anonymous>)
⨯ SyntaxError: Unexpected non-whitespace character after JSON at position 2409
    at JSON.parse (<anonymous>)
⨯ SyntaxError: Unexpected non-whitespace character after JSON at position 2409
    at JSON.parse (<anonymous>)
⨯ SyntaxError: Unexpected non-whitespace character after JSON at position 2409
    at JSON.parse (<anonymous>)
⨯ SyntaxError: Unexpected non-whitespace character after JSON at position 2409
    at JSON.parse (<anonymous>)
⨯ SyntaxError: Unexpected non-whitespace character after JSON at position 2409
    at JSON.parse (<anonymous>)
SyntaxError: Unexpected non-whitespace character after JSON at position 2409
    at JSON.parse (<anonymous>)
SyntaxError: Unexpected non-whitespace character after JSON at position 2409
    at JSON.parse (<anonymous>)
⨯ SyntaxError: Unexpected non-whitespace character after JSON at position 2409
    at JSON.parse (<anonymous>)
SyntaxError: Unexpected non-whitespace character after JSON at position 2409
    at JSON.parse (<anonymous>)
 GET /en/https%3A/www.oneredstepatatime.org 500 in 5.5s (compile: 4.9s, proxy.ts: 564ms, render: 31ms)
 GET /en/https%3A/www.oneredstepatatime.org 500 in 5.5s (compile: 4.9s, proxy.ts: 564ms, render: 31ms)
SyntaxError: Unexpected non-whitespace character after JSON at position 2409
    at JSON.parse (<anonymous>)
SyntaxError: Unexpected non-whitespace character after JSON at position 2409
    at JSON.parse (<anonymous>)
 GET /en/https%3A/fonts.googleapis.com/css2%3Ffamily%3DBebas%2BNeue%26family%3DLXGW%2BWenKai%2BTC%3Awght%40300%3B400%3B700%26family%3DMa%2BShan%2BZheng%26family%3DRaleway%3Awght%40300%3B400%3B500%3B600%3B700%26family%3DNoto%2BSerif%2BTC%3Awght%40400%3B500%3B600%3B700%26display%3Dswap 500 in 5.5s (compile: 4.8s, proxy.ts: 639ms, render: 35ms)
 GET /en/https%3A/fonts.googleapis.com/css2%3Ffamily%3DBebas%2BNeue%26family%3DLXGW%2BWenKai%2BTC%3Awght%40300%3B400%3B700%26family%3DMa%2BShan%2BZheng%26family%3DRaleway%3Awght%40300%3B400%3B500%3B600%3B700%26family%3DNoto%2BSerif%2BTC%3Awght%40400%3B500%3B600%3B700%26display%3Dswap 500 in 5.5s (compile: 4.8s, proxy.ts: 639ms, render: 35ms)
SyntaxError: Unexpected non-whitespace character after JSON at position 2409
    at JSON.parse (<anonymous>)
 GET /en/en%5C 500 in 5.4s (compile: 4.8s, proxy.ts: 524ms, render: 27ms)
 GET /en/en%5C 500 in 5.4s (compile: 4.8s, proxy.ts: 524ms, render: 27ms)
SyntaxError: Unexpected non-whitespace character after JSON at position 2409
    at JSON.parse (<anonymous>)
SyntaxError: Unexpected non-whitespace character after JSON at position 2409
    at JSON.parse (<anonymous>)
⨯ SyntaxError: Unexpected non-whitespace character after JSON at position 2409
    at JSON.parse (<anonymous>)
SyntaxError: Unexpected non-whitespace character after JSON at position 2409
    at JSON.parse (<anonymous>)
 GET /en/https%3A/www.googletagmanager.com/gtag/js%3Fid%3DG-M6Y4Q9KDRY 500 in 5.4s (compile: 4.9s, proxy.ts: 479ms, render: 29ms)
 GET /en/https%3A/www.googletagmanager.com/gtag/js%3Fid%3DG-M6Y4Q9KDRY 500 in 5.4s (compile: 4.9s, proxy.ts: 479ms, render: 29ms)
⨯ SyntaxError: Unexpected non-whitespace character after JSON at position 2409
    at JSON.parse (<anonymous>)
SyntaxError: Unexpected non-whitespace character after JSON at position 2409
    at JSON.parse (<anonymous>)
 GET /en/https%3A/www.oneredstepatatime.org 500 in 5.1s (compile: 4.4s, proxy.ts: 659ms, render: 42ms)
 GET /en/https%3A/www.oneredstepatatime.org 500 in 5.1s (compile: 4.4s, proxy.ts: 659ms, render: 42ms)
⨯ SyntaxError: Unexpected non-whitespace character after JSON at position 2409
    at JSON.parse (<anonymous>)
⨯ SyntaxError: Unexpected non-whitespace character after JSON at position 2409
    at JSON.parse (<anonymous>)
SyntaxError: Unexpected non-whitespace character after JSON at position 2409
    at JSON.parse (<anonymous>)
 GET /en/en%5C 500 in 5.9s (compile: 4.7s, proxy.ts: 1184ms, render: 37ms)
 GET /en/en%5C 500 in 5.9s (compile: 4.7s, proxy.ts: 1184ms, render: 37ms)
SyntaxError: Unexpected non-whitespace character after JSON at position 2409
    at JSON.parse (<anonymous>)
SyntaxError: Unexpected non-whitespace character after JSON at position 2409
    at JSON.parse (<anonymous>)
⨯ SyntaxError: Unexpected non-whitespace character after JSON at position 2409
    at JSON.parse (<anonymous>)
⨯ SyntaxError: Unexpected non-whitespace character after JSON at position 2409
    at JSON.parse (<anonymous>)
SyntaxError: Unexpected non-whitespace character after JSON at position 2409
    at JSON.parse (<anonymous>)
 GET /en/https%3A/fonts.googleapis.com/css2%3Ffamily%3DBebas%2BNeue%26family%3DLXGW%2BWenKai%2BTC%3Awght%40300%3B400%3B700%26family%3DMa%2BShan%2BZheng%26family%3DRaleway%3Awght%40300%3B400%3B500%3B600%3B700%26family%3DNoto%2BSerif%2BTC%3Awght%40400%3B500%3B600%3B700%26display%3Dswap 500 in 3.1s (compile: 1532ms, proxy.ts: 1561ms, render: 32ms)
 GET /en/https%3A/fonts.googleapis.com/css2%3Ffamily%3DBebas%2BNeue%26family%3DLXGW%2BWenKai%2BTC%3Awght%40300%3B400%3B700%26family%3DMa%2BShan%2BZheng%26family%3DRaleway%3Awght%40300%3B400%3B500%3B600%3B700%26family%3DNoto%2BSerif%2BTC%3Awght%40400%3B500%3B600%3B700%26display%3Dswap 500 in 3.1s (compile: 1532ms, proxy.ts: 1561ms, render: 32ms)
SyntaxError: Unexpected non-whitespace character after JSON at position 2409
    at JSON.parse (<anonymous>)
 GET /en/https%3A/www.googletagmanager.com/gtag/js%3Fid%3DG-M6Y4Q9KDRY 500 in 2.6s (compile: 1559ms, proxy.ts: 1000ms, render: 43ms)
 GET /en/https%3A/www.googletagmanager.com/gtag/js%3Fid%3DG-M6Y4Q9KDRY 500 in 2.6s (compile: 1559ms, proxy.ts: 1000ms, render: 43ms)
Clerk: Refreshing the session token resulted in an infinite redirect loop. This usually means that your Clerk instance keys do not match - make sure to copy the correct publishable and secret keys from the Clerk dashboard.
Clerk: Refreshing the session token resulted in an infinite redirect loop. This usually means that your Clerk instance keys do not match - make sure to copy the correct publishable and secret keys from the Clerk dashboard.
⨯ SyntaxError: Unexpected non-whitespace character after JSON at position 2409
    at JSON.parse (<anonymous>) {
  page: '/en'
}
⨯ SyntaxError: Unexpected non-whitespace character after JSON at position 2409
    at JSON.parse (<anonymous>)
SyntaxError: Unexpected non-whitespace character after JSON at position 2409
    at JSON.parse (<anonymous>) {
  page: '/en'
}
⨯ SyntaxError: Unexpected non-whitespace character after JSON at position 2409
    at JSON.parse (<anonymous>)
SyntaxError: Unexpected non-whitespace character after JSON at position 2409
    at JSON.parse (<anonymous>)
 GET /en 500 in 1117ms (compile: 1072ms, proxy.ts: 15ms, render: 29ms)
 GET /en 500 in 1117ms (compile: 1072ms, proxy.ts: 15ms, render: 29ms)
Clerk: Refreshing the session token resulted in an infinite redirect loop. This usually means that your Clerk instance keys do not match - make sure to copy the correct publishable and secret keys from the Clerk dashboard.
Clerk: Refreshing the session token resulted in an infinite redirect loop. This usually means that your Clerk instance keys do not match - make sure to copy the correct publishable and secret keys from the Clerk dashboard.
⨯ SyntaxError: Unexpected non-whitespace character after JSON at position 2409
    at JSON.parse (<anonymous>) {
  page: '/en'
}
⨯ SyntaxError: Unexpected non-whitespace character after JSON at position 2409
    at JSON.parse (<anonymous>) {
  page: '/en'
}
⨯ SyntaxError: Unexpected non-whitespace character after JSON at position 2409
    at JSON.parse (<anonymous>)
⨯ SyntaxError: Unexpected non-whitespace character after JSON at position 2409
    at JSON.parse (<anonymous>)
SyntaxError: Unexpected non-whitespace character after JSON at position 2409
    at JSON.parse (<anonymous>) {
  page: '/en'
}
SyntaxError: Unexpected non-whitespace character after JSON at position 2409
    at JSON.parse (<anonymous>) {
  page: '/en'
}
⨯ SyntaxError: Unexpected non-whitespace character after JSON at position 2409
    at JSON.parse (<anonymous>)
⨯ SyntaxError: Unexpected non-whitespace character after JSON at position 2409
    at JSON.parse (<anonymous>)
SyntaxError: Unexpected non-whitespace character after JSON at position 2409
    at JSON.parse (<anonymous>)
 GET /en 500 in 1534ms (compile: 1396ms, proxy.ts: 13ms, render: 125ms)
 GET /en 500 in 1534ms (compile: 1396ms, proxy.ts: 13ms, render: 125ms)
SyntaxError: Unexpected non-whitespace character after JSON at position 2409
    at JSON.parse (<anonymous>)
 GET /en 500 in 1430ms (compile: 1381ms, proxy.ts: 14ms, render: 35ms)
 GET /en 500 in 1430ms (compile: 1381ms, proxy.ts: 14ms, render: 35ms)
⨯ SyntaxError: Unexpected non-whitespace character after JSON at position 2409
    at JSON.parse (<anonymous>) {
  page: '/en'
}
⨯ SyntaxError: Unexpected non-whitespace character after JSON at position 2409
    at JSON.parse (<anonymous>) {
  page: '/en'
}
⨯ SyntaxError: Unexpected non-whitespace character after JSON at position 2409
    at JSON.parse (<anonymous>) {
  page: '/en'
}
⨯ SyntaxError: Unexpected non-whitespace character after JSON at position 2409
    at JSON.parse (<anonymous>) {
  page: '/en'
}
⨯ SyntaxError: Unexpected non-whitespace character after JSON at position 2409
    at JSON.parse (<anonymous>)
⨯ SyntaxError: Unexpected non-whitespace character after JSON at position 2409
    at JSON.parse (<anonymous>)
⨯ SyntaxError: Unexpected non-whitespace character after JSON at position 2409
    at JSON.parse (<anonymous>)
⨯ SyntaxError: Unexpected non-whitespace character after JSON at position 2409
    at JSON.parse (<anonymous>)
SyntaxError: Unexpected non-whitespace character after JSON at position 2409
    at JSON.parse (<anonymous>) {
  page: '/en'
}
SyntaxError: Unexpected non-whitespace character after JSON at position 2409
    at JSON.parse (<anonymous>) {
  page: '/en'
}
SyntaxError: Unexpected non-whitespace character after JSON at position 2409
    at JSON.parse (<anonymous>) {
  page: '/en'
}
SyntaxError: Unexpected non-whitespace character after JSON at position 2409
    at JSON.parse (<anonymous>) {
  page: '/en'
}
⨯ SyntaxError: Unexpected non-whitespace character after JSON at position 2409
    at JSON.parse (<anonymous>)
⨯ SyntaxError: Unexpected non-whitespace character after JSON at position 2409
    at JSON.parse (<anonymous>)
⨯ SyntaxError: Unexpected non-whitespace character after JSON at position 2409
    at JSON.parse (<anonymous>)
⨯ SyntaxError: Unexpected non-whitespace character after JSON at position 2409
    at JSON.parse (<anonymous>)
SyntaxError: Unexpected non-whitespace character after JSON at position 2409
    at JSON.parse (<anonymous>)
 GET /en 500 in 2.1s (compile: 1880ms, proxy.ts: 216ms, render: 32ms)
 GET /en 500 in 2.1s (compile: 1880ms, proxy.ts: 216ms, render: 32ms)
SyntaxError: Unexpected non-whitespace character after JSON at position 2409
    at JSON.parse (<anonymous>)
 GET /en 500 in 1539ms (compile: 1491ms, proxy.ts: 22ms, render: 26ms)
 GET /en 500 in 1539ms (compile: 1491ms, proxy.ts: 22ms, render: 26ms)
SyntaxError: Unexpected non-whitespace character after JSON at position 2409
    at JSON.parse (<anonymous>)
 GET /en 500 in 1548ms (compile: 1498ms, proxy.ts: 18ms, render: 31ms)
 GET /en 500 in 1548ms (compile: 1498ms, proxy.ts: 18ms, render: 31ms)
SyntaxError: Unexpected non-whitespace character after JSON at position 2409
    at JSON.parse (<anonymous>)
 GET /en 500 in 1411ms (compile: 1371ms, proxy.ts: 14ms, render: 26ms)
 GET /en 500 in 1411ms (compile: 1371ms, proxy.ts: 14ms, render: 26ms)
Clerk: Refreshing the session token resulted in an infinite redirect loop. This usually means that your Clerk instance keys do not match - make sure to copy the correct publishable and secret keys from the Clerk dashboard.
Clerk: Refreshing the session token resulted in an infinite redirect loop. This usually means that your Clerk instance keys do not match - make sure to copy the correct publishable and secret keys from the Clerk dashboard.
⨯ SyntaxError: Unexpected non-whitespace character after JSON at position 2409
    at JSON.parse (<anonymous>) {
  page: '/en'
}
⨯ SyntaxError: Unexpected non-whitespace character after JSON at position 2409
    at JSON.parse (<anonymous>) {
  page: '/en'
}
⨯ SyntaxError: Unexpected non-whitespace character after JSON at position 2409
    at JSON.parse (<anonymous>) {
  page: '/en'
}
⨯ SyntaxError: Unexpected non-whitespace character after JSON at position 2409
    at JSON.parse (<anonymous>)
⨯ SyntaxError: Unexpected non-whitespace character after JSON at position 2409
    at JSON.parse (<anonymous>)
⨯ SyntaxError: Unexpected non-whitespace character after JSON at position 2409
    at JSON.parse (<anonymous>)
SyntaxError: Unexpected non-whitespace character after JSON at position 2409
    at JSON.parse (<anonymous>) {
  page: '/en'
}
SyntaxError: Unexpected non-whitespace character after JSON at position 2409
    at JSON.parse (<anonymous>) {
  page: '/en'
}
SyntaxError: Unexpected non-whitespace character after JSON at position 2409
    at JSON.parse (<anonymous>) {
  page: '/en'
}
⨯ SyntaxError: Unexpected non-whitespace character after JSON at position 2409
    at JSON.parse (<anonymous>)
⨯ SyntaxError: Unexpected non-whitespace character after JSON at position 2409
    at JSON.parse (<anonymous>)
⨯ SyntaxError: Unexpected non-whitespace character after JSON at position 2409
    at JSON.parse (<anonymous>)
SyntaxError: Unexpected non-whitespace character after JSON at position 2409
    at JSON.parse (<anonymous>)
 GET /en 500 in 1631ms (compile: 1582ms, proxy.ts: 12ms, render: 37ms)
 GET /en 500 in 1631ms (compile: 1582ms, proxy.ts: 12ms, render: 37ms)
SyntaxError: Unexpected non-whitespace character after JSON at position 2409
    at JSON.parse (<anonymous>)
 GET /en 500 in 1350ms (compile: 1307ms, proxy.ts: 12ms, render: 31ms)
 GET /en 500 in 1350ms (compile: 1307ms, proxy.ts: 12ms, render: 31ms)
SyntaxError: Unexpected non-whitespace character after JSON at position 2409
    at JSON.parse (<anonymous>)
 GET /en 500 in 1139ms (compile: 1086ms, proxy.ts: 16ms, render: 37ms)
 GET /en 500 in 1139ms (compile: 1086ms, proxy.ts: 16ms, render: 37ms)
⨯ SyntaxError: Unexpected non-whitespace character after JSON at position 2409
    at JSON.parse (<anonymous>) {
  page: '/en'
}
⨯ SyntaxError: Unexpected non-whitespace character after JSON at position 2409
    at JSON.parse (<anonymous>)
SyntaxError: Unexpected non-whitespace character after JSON at position 2409
    at JSON.parse (<anonymous>) {
  page: '/en'
}
⨯ SyntaxError: Unexpected non-whitespace character after JSON at position 2409
    at JSON.parse (<anonymous>)
SyntaxError: Unexpected non-whitespace character after JSON at position 2409
    at JSON.parse (<anonymous>)
 GET /en 500 in 2.8s (compile: 2.4s, proxy.ts: 338ms, render: 131ms)
 GET /en 500 in 2.8s (compile: 2.4s, proxy.ts: 338ms, render: 131ms)
⨯ SyntaxError: Unexpected non-whitespace character after JSON at position 2409
    at JSON.parse (<anonymous>) {
  page: '/en'
}
⨯ SyntaxError: Unexpected non-whitespace character after JSON at position 2409
    at JSON.parse (<anonymous>) {
  page: '/en'
}
⨯ SyntaxError: Unexpected non-whitespace character after JSON at position 2409
    at JSON.parse (<anonymous>)
⨯ SyntaxError: Unexpected non-whitespace character after JSON at position 2409
    at JSON.parse (<anonymous>)
SyntaxError: Unexpected non-whitespace character after JSON at position 2409
    at JSON.parse (<anonymous>) {
  page: '/en'
}
SyntaxError: Unexpected non-whitespace character after JSON at position 2409
    at JSON.parse (<anonymous>) {
  page: '/en'
}
⨯ SyntaxError: Unexpected non-whitespace character after JSON at position 2409
    at JSON.parse (<anonymous>)
⨯ SyntaxError: Unexpected non-whitespace character after JSON at position 2409
    at JSON.parse (<anonymous>)
SyntaxError: Unexpected non-whitespace character after JSON at position 2409
    at JSON.parse (<anonymous>)
 GET /en 500 in 3.5s (compile: 3.4s, proxy.ts: 50ms, render: 39ms)
 GET /en 500 in 3.5s (compile: 3.4s, proxy.ts: 50ms, render: 40ms)
SyntaxError: Unexpected non-whitespace character after JSON at position 2409
    at JSON.parse (<anonymous>)
 GET /en 500 in 3.1s (compile: 3.1s, proxy.ts: 41ms, render: 30ms)
 GET /en 500 in 3.1s (compile: 3.1s, proxy.ts: 41ms, render: 30ms)
Clerk: Refreshing the session token resulted in an infinite redirect loop. This usually means that your Clerk instance keys do not match - make sure to copy the correct publishable and secret keys from the Clerk dashboard.
Clerk: Refreshing the session token resulted in an infinite redirect loop. This usually means that your Clerk instance keys do not match - make sure to copy the correct publishable and secret keys from the Clerk dashboard.
⨯ SyntaxError: Unexpected non-whitespace character after JSON at position 2409
    at JSON.parse (<anonymous>) {
  page: '/en'
}
⨯ SyntaxError: Unexpected non-whitespace character after JSON at position 2409
    at JSON.parse (<anonymous>)
SyntaxError: Unexpected non-whitespace character after JSON at position 2409
    at JSON.parse (<anonymous>) {
  page: '/en'
}
⨯ SyntaxError: Unexpected non-whitespace character after JSON at position 2409
    at JSON.parse (<anonymous>)
SyntaxError: Unexpected non-whitespace character after JSON at position 2409
    at JSON.parse (<anonymous>)
 GET /en 500 in 1341ms (compile: 1286ms, proxy.ts: 17ms, render: 37ms)
 GET /en 500 in 1341ms (compile: 1286ms, proxy.ts: 17ms, render: 37ms)
⨯ SyntaxError: Unexpected non-whitespace character after JSON at position 2409
    at JSON.parse (<anonymous>) {
  page: '/en'
}
⨯ SyntaxError: Unexpected non-whitespace character after JSON at position 2409
    at JSON.parse (<anonymous>)
SyntaxError: Unexpected non-whitespace character after JSON at position 2409
    at JSON.parse (<anonymous>) {
  page: '/en'
}
⨯ SyntaxError: Unexpected non-whitespace character after JSON at position 2409
    at JSON.parse (<anonymous>)
SyntaxError: Unexpected non-whitespace character after JSON at position 2409
    at JSON.parse (<anonymous>)
 GET /en 500 in 1179ms (compile: 1133ms, proxy.ts: 14ms, render: 32ms)
 GET /en 500 in 1179ms (compile: 1133ms, proxy.ts: 14ms, render: 32ms)
⨯ SyntaxError: Unexpected non-whitespace character after JSON at position 2409
    at JSON.parse (<anonymous>) {
  page: '/en'
}
⨯ SyntaxError: Unexpected non-whitespace character after JSON at position 2409
    at JSON.parse (<anonymous>)
SyntaxError: Unexpected non-whitespace character after JSON at position 2409
    at JSON.parse (<anonymous>) {
  page: '/en'
}
⨯ SyntaxError: Unexpected non-whitespace character after JSON at position 2409
    at JSON.parse (<anonymous>)
SyntaxError: Unexpected non-whitespace character after JSON at position 2409
    at JSON.parse (<anonymous>)
 HEAD /en 500 in 1553ms (compile: 1488ms, proxy.ts: 14ms, render: 52ms)
 HEAD /en 500 in 1553ms (compile: 1488ms, proxy.ts: 14ms, render: 52ms)
⨯ SyntaxError: Unexpected non-whitespace character after JSON at position 2409
    at JSON.parse (<anonymous>) {
  page: '/en'
}
⨯ SyntaxError: Unexpected non-whitespace character after JSON at position 2409
    at JSON.parse (<anonymous>)
SyntaxError: Unexpected non-whitespace character after JSON at position 2409
    at JSON.parse (<anonymous>) {
  page: '/en'
}
⨯ SyntaxError: Unexpected non-whitespace character after JSON at position 2409
    at JSON.parse (<anonymous>)
SyntaxError: Unexpected non-whitespace character after JSON at position 2409
    at JSON.parse (<anonymous>)
 GET /en 500 in 1212ms (compile: 1171ms, proxy.ts: 14ms, render: 28ms)
 GET /en 500 in 1212ms (compile: 1171ms, proxy.ts: 14ms, render: 28ms)
⨯ SyntaxError: Unexpected non-whitespace character after JSON at position 2409
    at JSON.parse (<anonymous>) {
  page: '/en'
}
⨯ SyntaxError: Unexpected non-whitespace character after JSON at position 2409
    at JSON.parse (<anonymous>)
SyntaxError: Unexpected non-whitespace character after JSON at position 2409
    at JSON.parse (<anonymous>) {
  page: '/en'
}
⨯ SyntaxError: Unexpected non-whitespace character after JSON at position 2409
    at JSON.parse (<anonymous>)
SyntaxError: Unexpected non-whitespace character after JSON at position 2409
    at JSON.parse (<anonymous>)
 GET /en 500 in 1447ms (compile: 1384ms, proxy.ts: 19ms, render: 44ms)
 GET /en 500 in 1447ms (compile: 1384ms, proxy.ts: 19ms, render: 44ms)
⨯ SyntaxError: Unexpected non-whitespace character after JSON at position 2409
    at JSON.parse (<anonymous>) {
  page: '/en'
}
⨯ SyntaxError: Unexpected non-whitespace character after JSON at position 2409
    at JSON.parse (<anonymous>)
SyntaxError: Unexpected non-whitespace character after JSON at position 2409
    at JSON.parse (<anonymous>) {
  page: '/en'
}
⨯ SyntaxError: Unexpected non-whitespace character after JSON at position 2409
    at JSON.parse (<anonymous>)
SyntaxError: Unexpected non-whitespace character after JSON at position 2409
    at JSON.parse (<anonymous>)
 GET /en 500 in 1373ms (compile: 1321ms, proxy.ts: 18ms, render: 34ms)
 GET /en 500 in 1373ms (compile: 1321ms, proxy.ts: 18ms, render: 34ms)
⨯ SyntaxError: Unexpected non-whitespace character after JSON at position 2409
    at JSON.parse (<anonymous>)
SyntaxError: Unexpected non-whitespace character after JSON at position 2409
    at JSON.parse (<anonymous>)
⨯ SyntaxError: Unexpected non-whitespace character after JSON at position 2409
    at JSON.parse (<anonymous>)
SyntaxError: Unexpected non-whitespace character after JSON at position 2409
    at JSON.parse (<anonymous>)
 GET /en/robots.txt 500 in 729ms (compile: 693ms, proxy.ts: 9ms, render: 27ms)
 GET /en/robots.txt 500 in 729ms (compile: 693ms, proxy.ts: 9ms, render: 27ms)
⨯ SyntaxError: Unexpected non-whitespace character after JSON at position 2409
    at JSON.parse (<anonymous>) {
  page: '/_next'
}
⨯ SyntaxError: Unexpected non-whitespace character after JSON at position 2409
    at JSON.parse (<anonymous>)
SyntaxError: Unexpected non-whitespace character after JSON at position 2409
    at JSON.parse (<anonymous>) {
  page: '/_next'
}
⨯ SyntaxError: Unexpected non-whitespace character after JSON at position 2409
    at JSON.parse (<anonymous>)
SyntaxError: Unexpected non-whitespace character after JSON at position 2409
    at JSON.parse (<anonymous>)
 HEAD /_next 500 in 1761ms (compile: 1714ms, render: 47ms)
 HEAD /_next 500 in 1761ms (compile: 1714ms, render: 47ms)
⨯ SyntaxError: Unexpected non-whitespace character after JSON at position 2409
    at JSON.parse (<anonymous>) {
  page: '/_next'
}
⨯ SyntaxError: Unexpected non-whitespace character after JSON at position 2409
    at JSON.parse (<anonymous>)
SyntaxError: Unexpected non-whitespace character after JSON at position 2409
    at JSON.parse (<anonymous>) {
  page: '/_next'
}
⨯ SyntaxError: Unexpected non-whitespace character after JSON at position 2409
    at JSON.parse (<anonymous>)
SyntaxError: Unexpected non-whitespace character after JSON at position 2409
    at JSON.parse (<anonymous>)
 HEAD /_next 500 in 1550ms (compile: 1523ms, render: 27ms)
 HEAD /_next 500 in 1550ms (compile: 1523ms, render: 27ms)
⨯ SyntaxError: Unexpected non-whitespace character after JSON at position 2409
    at JSON.parse (<anonymous>) {
  page: '/en'
}
⨯ SyntaxError: Unexpected non-whitespace character after JSON at position 2409
    at JSON.parse (<anonymous>)
SyntaxError: Unexpected non-whitespace character after JSON at position 2409
    at JSON.parse (<anonymous>) {
  page: '/en'
}
⨯ SyntaxError: Unexpected non-whitespace character after JSON at position 2409
    at JSON.parse (<anonymous>)
SyntaxError: Unexpected non-whitespace character after JSON at position 2409
    at JSON.parse (<anonymous>)
 GET /en 500 in 1234ms (compile: 1199ms, proxy.ts: 8ms, render: 27ms)
 GET /en 500 in 1234ms (compile: 1199ms, proxy.ts: 8ms, render: 27ms)
⨯ SyntaxError: Unexpected non-whitespace character after JSON at position 2409
    at JSON.parse (<anonymous>) {
  page: '/_next'
}
⨯ SyntaxError: Unexpected non-whitespace character after JSON at position 2409
    at JSON.parse (<anonymous>)
SyntaxError: Unexpected non-whitespace character after JSON at position 2409
    at JSON.parse (<anonymous>) {
  page: '/_next'
}
⨯ SyntaxError: Unexpected non-whitespace character after JSON at position 2409
    at JSON.parse (<anonymous>)
SyntaxError: Unexpected non-whitespace character after JSON at position 2409
    at JSON.parse (<anonymous>)
 HEAD /_next 500 in 1293ms (compile: 1262ms, render: 31ms)
 HEAD /_next 500 in 1293ms (compile: 1262ms, render: 31ms)
⨯ SyntaxError: Unexpected non-whitespace character after JSON at position 2409
    at JSON.parse (<anonymous>) {
  page: '/_next'
}
⨯ SyntaxError: Unexpected non-whitespace character after JSON at position 2409
    at JSON.parse (<anonymous>)
SyntaxError: Unexpected non-whitespace character after JSON at position 2409
    at JSON.parse (<anonymous>) {
  page: '/_next'
}
⨯ SyntaxError: Unexpected non-whitespace character after JSON at position 2409
    at JSON.parse (<anonymous>)
SyntaxError: Unexpected non-whitespace character after JSON at position 2409
    at JSON.parse (<anonymous>)
 HEAD /_next 500 in 1215ms (compile: 1151ms, render: 64ms)
 HEAD /_next 500 in 1215ms (compile: 1151ms, render: 64ms)
⨯ SyntaxError: Unexpected non-whitespace character after JSON at position 2409
    at JSON.parse (<anonymous>) {
  page: '/en/order/status'
}
⨯ SyntaxError: Unexpected non-whitespace character after JSON at position 2409
    at JSON.parse (<anonymous>) {
  page: '/en/order/status'
}
⨯ SyntaxError: Unexpected non-whitespace character after JSON at position 2409
    at JSON.parse (<anonymous>) {
  page: '/en/order/status'
}
⨯ SyntaxError: Unexpected non-whitespace character after JSON at position 2409
    at JSON.parse (<anonymous>) {
  page: '/en/order/status'
}
⨯ SyntaxError: Unexpected non-whitespace character after JSON at position 2409
    at JSON.parse (<anonymous>) {
  page: '/en/order/status'
}
⨯ SyntaxError: Unexpected non-whitespace character after JSON at position 2409
    at JSON.parse (<anonymous>)
⨯ SyntaxError: Unexpected non-whitespace character after JSON at position 2409
    at JSON.parse (<anonymous>)
⨯ SyntaxError: Unexpected non-whitespace character after JSON at position 2409
    at JSON.parse (<anonymous>)
⨯ SyntaxError: Unexpected non-whitespace character after JSON at position 2409
    at JSON.parse (<anonymous>)
⨯ Failed to generate static paths for /[locale]/order/status:
SyntaxError: Unexpected non-whitespace character after JSON at position 2409
    at JSON.parse (<anonymous>)
⨯ Failed to generate static paths for /[locale]/order/status:
SyntaxError: Unexpected non-whitespace character after JSON at position 2409
    at JSON.parse (<anonymous>)
⨯ Failed to generate static paths for /[locale]/order/status:
SyntaxError: Unexpected non-whitespace character after JSON at position 2409
    at JSON.parse (<anonymous>)
⨯ Failed to generate static paths for /[locale]/order/status:
SyntaxError: Unexpected non-whitespace character after JSON at position 2409
    at JSON.parse (<anonymous>)
⨯ SyntaxError: Unexpected non-whitespace character after JSON at position 2409
    at JSON.parse (<anonymous>)
SyntaxError: Unexpected non-whitespace character after JSON at position 2409
    at JSON.parse (<anonymous>) {
  page: '/en/order/status'
}
SyntaxError: Unexpected non-whitespace character after JSON at position 2409
    at JSON.parse (<anonymous>) {
  page: '/en/order/status'
}
SyntaxError: Unexpected non-whitespace character after JSON at position 2409
    at JSON.parse (<anonymous>) {
  page: '/en/order/status'
}
SyntaxError: Unexpected non-whitespace character after JSON at position 2409
    at JSON.parse (<anonymous>) {
  page: '/en/order/status'
}
SyntaxError: Unexpected non-whitespace character after JSON at position 2409
    at JSON.parse (<anonymous>) {
  page: '/en/order/status'
}
⨯ SyntaxError: Unexpected non-whitespace character after JSON at position 2409
    at JSON.parse (<anonymous>)
⨯ Failed to generate static paths for /[locale]/order/status:
SyntaxError: Unexpected non-whitespace character after JSON at position 2409
    at JSON.parse (<anonymous>)
⨯ SyntaxError: Unexpected non-whitespace character after JSON at position 2409
    at JSON.parse (<anonymous>) {
  page: '/en/order/status'
}
⨯ SyntaxError: Unexpected non-whitespace character after JSON at position 2409
    at JSON.parse (<anonymous>)
⨯ SyntaxError: Unexpected non-whitespace character after JSON at position 2409
    at JSON.parse (<anonymous>)
⨯ SyntaxError: Unexpected non-whitespace character after JSON at position 2409
    at JSON.parse (<anonymous>)
⨯ SyntaxError: Unexpected non-whitespace character after JSON at position 2409
    at JSON.parse (<anonymous>)
SyntaxError: Unexpected non-whitespace character after JSON at position 2409
    at JSON.parse (<anonymous>)
 GET /en/order/status?orderQrCode=ORDER-f4nc0dvh-1767043809088-Y11Q89 500 in 6.3s (compile: 6.0s, proxy.ts: 222ms, generate-params: 88ms, render: 35ms)
 GET /en/order/status?orderQrCode=ORDER-f4nc0dvh-1767043809088-Y11Q89 500 in 6.3s (compile: 6.0s, proxy.ts: 222ms, generate-params: 88ms, render: 36ms)
⨯ SyntaxError: Unexpected non-whitespace character after JSON at position 2409
    at JSON.parse (<anonymous>)
SyntaxError: Unexpected non-whitespace character after JSON at position 2409
    at JSON.parse (<anonymous>)
 GET /en/order/status?orderQrCode=ORDER-f4nc0dvh-1767043809088-Y11Q89 500 in 6.5s (compile: 6.1s, proxy.ts: 370ms, generate-params: 45µs, render: 39ms)
 GET /en/order/status?orderQrCode=ORDER-f4nc0dvh-1767043809088-Y11Q89 500 in 6.5s (compile: 6.1s, proxy.ts: 370ms, generate-params: 45µs, render: 39ms)
SyntaxError: Unexpected non-whitespace character after JSON at position 2409
    at JSON.parse (<anonymous>)
 GET /en/order/status?orderQrCode=ORDER-f4nc0dvh-1767043809088-Y11Q89 500 in 6.4s (compile: 6.2s, proxy.ts: 248ms, generate-params: 63µs, render: 32ms)
 GET /en/order/status?orderQrCode=ORDER-f4nc0dvh-1767043809088-Y11Q89 500 in 6.4s (compile: 6.2s, proxy.ts: 248ms, generate-params: 63µs, render: 32ms)
SyntaxError: Unexpected non-whitespace character after JSON at position 2409
    at JSON.parse (<anonymous>)
 GET /en/order/status?orderQrCode=ORDER-f4nc0dvh-1767043809088-Y11Q89 500 in 6.5s (compile: 6.2s, proxy.ts: 286ms, generate-params: 59µs, render: 27ms)
 GET /en/order/status?orderQrCode=ORDER-f4nc0dvh-1767043809088-Y11Q89 500 in 6.5s (compile: 6.2s, proxy.ts: 286ms, generate-params: 59µs, render: 27ms)
 GET /en/order/status?orderQrCode=ORDER-f4nc0dvh-1767043809088-Y11Q89 500 in 6.5s (compile: 6.0s, proxy.ts: 298ms, render: 205ms)
 GET /en/order/status?orderQrCode=ORDER-f4nc0dvh-1767043809088-Y11Q89 500 in 6.5s (compile: 5.9s, proxy.ts: 275ms, generate-params: 74ms, render: 333ms)
 GET /en/order/status?orderQrCode=ORDER-f4nc0dvh-1767043809088-Y11Q89 500 in 6.5s (compile: 5.9s, proxy.ts: 275ms, generate-params: 74ms, render: 333ms)
SyntaxError: Unexpected non-whitespace character after JSON at position 2409
    at JSON.parse (<anonymous>)
SyntaxError: Unexpected non-whitespace character after JSON at position 2409
    at JSON.parse (<anonymous>) {
  page: '/en/order/status'
}
⨯ SyntaxError: Unexpected non-whitespace character after JSON at position 2409
    at JSON.parse (<anonymous>)
SyntaxError: Unexpected non-whitespace character after JSON at position 2409
    at JSON.parse (<anonymous>)
⨯ SyntaxError: Unexpected non-whitespace character after JSON at position 2409
    at JSON.parse (<anonymous>) {
  page: '/en/order/status'
}
⨯ SyntaxError: Unexpected non-whitespace character after JSON at position 2409
    at JSON.parse (<anonymous>)
SyntaxError: Unexpected non-whitespace character after JSON at position 2409
    at JSON.parse (<anonymous>) {
  page: '/en/order/status'
}
⨯ SyntaxError: Unexpected non-whitespace character after JSON at position 2409
    at JSON.parse (<anonymous>)
SyntaxError: Unexpected non-whitespace character after JSON at position 2409
    at JSON.parse (<anonymous>)
 GET /en/order/status?orderQrCode=ORDER-f4nc0dvh-1767043809088-Y11Q89 500 in 1358ms (compile: 1183ms, proxy.ts: 138ms, render: 37ms)
 GET /en/order/status?orderQrCode=ORDER-f4nc0dvh-1767043809088-Y11Q89 500 in 1358ms (compile: 1183ms, proxy.ts: 138ms, render: 37ms)
⨯ SyntaxError: Unexpected non-whitespace character after JSON at position 2409
    at JSON.parse (<anonymous>) {
  page: '/apple-touch-icon-precomposed.png'
}
⨯ SyntaxError: Unexpected non-whitespace character after JSON at position 2409
    at JSON.parse (<anonymous>)
SyntaxError: Unexpected non-whitespace character after JSON at position 2409
    at JSON.parse (<anonymous>) {
  page: '/apple-touch-icon-precomposed.png'
}
⨯ SyntaxError: Unexpected non-whitespace character after JSON at position 2409
    at JSON.parse (<anonymous>)
SyntaxError: Unexpected non-whitespace character after JSON at position 2409
    at JSON.parse (<anonymous>)
 GET /apple-touch-icon-precomposed.png 500 in 1207ms (compile: 1168ms, render: 39ms)
 GET /apple-touch-icon-precomposed.png 500 in 1207ms (compile: 1168ms, render: 39ms)
